#
# There is insufficient memory for the Java Runtime Environment to continue.
# Native memory allocation (malloc) failed to allocate 1048576 bytes for AllocateHeap
# Possible reasons:
#   The system is out of physical RAM or swap space
#   The process is running with CompressedOops enabled, and the Java Heap may be blocking the growth of the native heap
# Possible solutions:
#   Reduce memory load on the system
#   Increase physical memory or swap space
#   Check if swap backing store is full
#   Decrease Java heap size (-Xmx/-Xms)
#   Decrease number of Java threads
#   Decrease Java thread stack sizes (-Xss)
#   Set larger code cache with -XX:ReservedCodeCacheSize=
#   JVM is running with Unscaled Compressed Oops mode in which the Java heap is
#     placed in the first 4GB address space. The Java Heap base address is the
#     maximum limit for the native heap growth. Please use -XX:HeapBaseMinAddress
#     to set the Java Heap base and to place the Java Heap above 4GB virtual address.
# This output file may be truncated or incomplete.
#
#  Out of Memory Error (allocation.cpp:44), pid=12304, tid=7060
#
# JRE version:  (17.0.10+11) (build )
# Java VM: Java HotSpot(TM) 64-Bit Server VM (17.0.10+11-LTS-240, mixed mode, emulated-client, sharing, tiered, compressed oops, compressed class ptrs, g1 gc, windows-amd64)
# No core dump will be written. Minidumps are not enabled by default on client versions of Windows
#

---------------  S U M M A R Y ------------

Command Line: -XX:TieredStopAtLevel=1 -Dspring.output.ansi.enabled=always -Dcom.sun.management.jmxremote -Dspring.jmx.enabled=true -Dspring.liveBeansView.mbeanDomain -Dspring.application.admin.enabled=true -Dmanagement.endpoints.jmx.exposure.include=* -javaagent:C:\Users\User\AppData\Local\Programs\IntelliJ IDEA Ultimate\lib\idea_rt.jar=55265:C:\Users\User\AppData\Local\Programs\IntelliJ IDEA Ultimate\bin -Dfile.encoding=UTF-8 ChurchManagementSystem.CMS.CmsApplication

Host: AMD Ryzen 5 5500U with Radeon Graphics         , 12 cores, 7G,  Windows 11 , 64 bit Build 22621 (10.0.22621.3672)
Time: Fri Jun 28 14:16:21 2024 SE Asia Standard Time elapsed time: 0.027648 seconds (0d 0h 0m 0s)

---------------  T H R E A D  ---------------

Current thread (0x0000024fb7091180):  JavaThread "Unknown thread" [_thread_in_vm, id=7060, stack(0x0000009fd3100000,0x0000009fd3200000)]

Stack: [0x0000009fd3100000,0x0000009fd3200000]
Native frames: (J=compiled Java code, j=interpreted, Vv=VM code, C=native code)
V  [jvm.dll+0x677a5a]
V  [jvm.dll+0x7d8b2d]
V  [jvm.dll+0x7da48e]
V  [jvm.dll+0x7daaf3]
V  [jvm.dll+0x2455ff]
V  [jvm.dll+0xa5173]
V  [jvm.dll+0x2e30ae]
V  [jvm.dll+0x2dadcb]
V  [jvm.dll+0x7aa551]
V  [jvm.dll+0x367911]
V  [jvm.dll+0x789639]
V  [jvm.dll+0x3eb30f]
V  [jvm.dll+0x3ecd91]
C  [jli.dll+0x5297]
C  [ucrtbase.dll+0x29333]
C  [KERNEL32.DLL+0x1257d]
C  [ntdll.dll+0x5af28]


---------------  P R O C E S S  ---------------

Threads class SMR info:
_java_thread_list=0x00007ffb1b796a18, length=0, elements={
}

Java Threads: ( => current thread )

Other Threads:
  0x0000024fb70e6220 GCTaskThread "GC Thread#0" [stack: 0x0000009fd3200000,0x0000009fd3300000] [id=10812]

[error occurred during error reporting (printing all threads), id 0xc0000005, EXCEPTION_ACCESS_VIOLATION (0xc0000005) at pc=0x00007ffb1afc8020]

VM state: not at safepoint (not fully initialized)

VM Mutex/Monitor currently owned by a thread:  ([mutex/lock_event])
[0x0000024fb708c0e0] Heap_lock - owner thread: 0x0000024fb7091180

Heap address: 0x000000008a200000, size: 1886 MB, Compressed Oops mode: 32-bit

CDS archive(s) mapped at: [0x0000000000000000-0x0000000000000000-0x0000000000000000), size 0, SharedBaseAddress: 0x0000000800000000, ArchiveRelocationMode: 1.
Narrow klass base: 0x0000000000000000, Narrow klass shift: 0, Narrow klass range: 0x0

GC Precious Log:
<Empty>

Heap:
 garbage-first heap   total 0K, used 0K [0x000000008a200000, 0x0000000100000000)
  region size 1024K, 0 young (0K), 0 survivors (0K)

[error occurred during error reporting (printing heap information), id 0xc0000005, EXCEPTION_ACCESS_VIOLATION (0xc0000005) at pc=0x00007ffb1b3b1249]

GC Heap History (0 events):
No events

Deoptimization events (0 events):
No events

Classes unloaded (0 events):
No events

Classes redefined (0 events):
No events

Internal exceptions (0 events):
No events

VM Operations (0 events):
No events

Events (1 events):
Event: 0.021 Loaded shared library C:\Program Files\Java\jdk-17\bin\java.dll


Dynamic libraries:
0x00007ff6e36d0000 - 0x00007ff6e36e0000 	C:\Program Files\Java\jdk-17\bin\java.exe
0x00007ffb62590000 - 0x00007ffb627a7000 	C:\WINDOWS\SYSTEM32\ntdll.dll
0x00007ffb60500000 - 0x00007ffb605c4000 	C:\WINDOWS\System32\KERNEL32.DLL
0x00007ffb5f940000 - 0x00007ffb5fced000 	C:\WINDOWS\System32\KERNELBASE.dll
0x00007ffb5fd20000 - 0x00007ffb5fe31000 	C:\WINDOWS\System32\ucrtbase.dll
0x00007ffb510d0000 - 0x00007ffb510eb000 	C:\Program Files\Java\jdk-17\bin\VCRUNTIME140.dll
0x00007ffb51370000 - 0x00007ffb51389000 	C:\Program Files\Java\jdk-17\bin\jli.dll
0x00007ffb61ea0000 - 0x00007ffb61f52000 	C:\WINDOWS\System32\ADVAPI32.dll
0x00007ffb61df0000 - 0x00007ffb61e97000 	C:\WINDOWS\System32\msvcrt.dll
0x00007ffb62380000 - 0x00007ffb62429000 	C:\WINDOWS\System32\sechost.dll
0x00007ffb60200000 - 0x00007ffb60228000 	C:\WINDOWS\System32\bcrypt.dll
0x00007ffb62430000 - 0x00007ffb62544000 	C:\WINDOWS\System32\RPCRT4.dll
0x00007ffb602d0000 - 0x00007ffb6047e000 	C:\WINDOWS\System32\USER32.dll
0x00007ffb5fcf0000 - 0x00007ffb5fd16000 	C:\WINDOWS\System32\win32u.dll
0x00007ffb52da0000 - 0x00007ffb53033000 	C:\WINDOWS\WinSxS\amd64_microsoft.windows.common-controls_6595b64144ccf1df_6.0.22621.3672_none_2713b9d173822955\COMCTL32.dll
0x00007ffb60480000 - 0x00007ffb604a9000 	C:\WINDOWS\System32\GDI32.dll
0x00007ffb600e0000 - 0x00007ffb601f9000 	C:\WINDOWS\System32\gdi32full.dll
0x00007ffb60230000 - 0x00007ffb602ca000 	C:\WINDOWS\System32\msvcp_win.dll
0x00007ffb56690000 - 0x00007ffb5669a000 	C:\WINDOWS\SYSTEM32\VERSION.dll
0x00007ffb604c0000 - 0x00007ffb604f1000 	C:\WINDOWS\System32\IMM32.DLL
0x00007ffb5b810000 - 0x00007ffb5b81c000 	C:\Program Files\Java\jdk-17\bin\vcruntime140_1.dll
0x00007ffb51040000 - 0x00007ffb510ce000 	C:\Program Files\Java\jdk-17\bin\msvcp140.dll
0x00007ffb1ace0000 - 0x00007ffb1b8bf000 	C:\Program Files\Java\jdk-17\bin\server\jvm.dll
0x00007ffb4be60000 - 0x00007ffb4be69000 	C:\WINDOWS\SYSTEM32\WSOCK32.dll
0x00007ffb55990000 - 0x00007ffb559c4000 	C:\WINDOWS\SYSTEM32\WINMM.dll
0x00007ffb604b0000 - 0x00007ffb604b8000 	C:\WINDOWS\System32\PSAPI.DLL
0x00007ffb62050000 - 0x00007ffb620c1000 	C:\WINDOWS\System32\WS2_32.dll
0x00007ffb5e8c0000 - 0x00007ffb5e8d8000 	C:\WINDOWS\SYSTEM32\kernel.appcore.dll
0x00007ffb5a520000 - 0x00007ffb5a52a000 	C:\Program Files\Java\jdk-17\bin\jimage.dll
0x00007ffb57b00000 - 0x00007ffb57d32000 	C:\WINDOWS\SYSTEM32\DBGHELP.DLL
0x00007ffb60ea0000 - 0x00007ffb61228000 	C:\WINDOWS\System32\combase.dll
0x00007ffb61260000 - 0x00007ffb61337000 	C:\WINDOWS\System32\OLEAUT32.dll
0x00007ffb51410000 - 0x00007ffb51442000 	C:\WINDOWS\SYSTEM32\dbgcore.DLL
0x00007ffb5f8c0000 - 0x00007ffb5f93b000 	C:\WINDOWS\System32\bcryptPrimitives.dll
0x00007ffb518c0000 - 0x00007ffb518ce000 	C:\Program Files\Java\jdk-17\bin\instrument.dll
0x00007ffb50f80000 - 0x00007ffb50fa5000 	C:\Program Files\Java\jdk-17\bin\java.dll

dbghelp: loaded successfully - version: 4.0.5 - missing functions: none
symbol engine: initialized successfully - sym options: 0x614 - pdb path: .;C:\Program Files\Java\jdk-17\bin;C:\WINDOWS\SYSTEM32;C:\WINDOWS\WinSxS\amd64_microsoft.windows.common-controls_6595b64144ccf1df_6.0.22621.3672_none_2713b9d173822955;C:\Program Files\Java\jdk-17\bin\server

VM Arguments:
jvm_args: -XX:TieredStopAtLevel=1 -Dspring.output.ansi.enabled=always -Dcom.sun.management.jmxremote -Dspring.jmx.enabled=true -Dspring.liveBeansView.mbeanDomain -Dspring.application.admin.enabled=true -Dmanagement.endpoints.jmx.exposure.include=* -javaagent:C:\Users\User\AppData\Local\Programs\IntelliJ IDEA Ultimate\lib\idea_rt.jar=55265:C:\Users\User\AppData\Local\Programs\IntelliJ IDEA Ultimate\bin -Dfile.encoding=UTF-8 
java_command: ChurchManagementSystem.CMS.CmsApplication
java_class_path (initial): D:\Download\CMS\CMS\target\classes;C:\Users\User\.m2\repository\org\springframework\boot\spring-boot-starter-data-jpa\3.3.1\spring-boot-starter-data-jpa-3.3.1.jar;C:\Users\User\.m2\repository\org\springframework\boot\spring-boot-starter-aop\3.3.1\spring-boot-starter-aop-3.3.1.jar;C:\Users\User\.m2\repository\org\springframework\spring-aop\6.1.10\spring-aop-6.1.10.jar;C:\Users\User\.m2\repository\org\aspectj\aspectjweaver\1.9.22\aspectjweaver-1.9.22.jar;C:\Users\User\.m2\repository\org\springframework\boot\spring-boot-starter-jdbc\3.3.1\spring-boot-starter-jdbc-3.3.1.jar;C:\Users\User\.m2\repository\com\zaxxer\HikariCP\5.1.0\HikariCP-5.1.0.jar;C:\Users\User\.m2\repository\org\springframework\spring-jdbc\6.1.10\spring-jdbc-6.1.10.jar;C:\Users\User\.m2\repository\org\springframework\data\spring-data-jpa\3.3.1\spring-data-jpa-3.3.1.jar;C:\Users\User\.m2\repository\org\springframework\spring-orm\6.1.10\spring-orm-6.1.10.jar;C:\Users\User\.m2\repository\org\springframework\spring-context\6.1.10\spring-context-6.1.10.jar;C:\Users\User\.m2\repository\org\springframework\spring-tx\6.1.10\spring-tx-6.1.10.jar;C:\Users\User\.m2\repository\org\springframework\spring-aspects\6.1.10\spring-aspects-6.1.10.jar;C:\Users\User\.m2\repository\org\springframework\boot\spring-boot-starter-web\3.3.1\spring-boot-starter-web-3.3.1.jar;C:\Users\User\.m2\repository\org\springframework\boot\spring-boot-starter\3.3.1\spring-boot-starter-3.3.1.jar;C:\Users\User\.m2\repository\org\springframework\boot\spring-boot\3.3.1\spring-boot-3.3.1.jar;C:\Users\User\.m2\repository\org\springframework\boot\spring-boot-autoconfigure\3.3.1\spring-boot-autoconfigure-3.3.1.jar;C:\Users\User\.m2\repository\org\springframework\boot\spring-boot-starter-logging\3.3.1\spring-boot-starter-logging-3.3.1.jar;C:\Users\User\.m2\repository\ch\qos\logback\logback-classic\1.5.6\logback-classic-1.5.6.jar;C:\Users\User\.m2\repository\ch\qos\logback\logback-core\1.5.6\logback-core-1.5.6.jar;C:\Users\
Launcher Type: SUN_STANDARD

[Global flags]
     intx CICompilerCount                          = 4                                         {product} {ergonomic}
     uint ConcGCThreads                            = 3                                         {product} {ergonomic}
     uint G1ConcRefinementThreads                  = 10                                        {product} {ergonomic}
   size_t G1HeapRegionSize                         = 1048576                                   {product} {ergonomic}
    uintx GCDrainStackTargetSize                   = 64                                        {product} {ergonomic}
   size_t InitialHeapSize                          = 123731968                                 {product} {ergonomic}
     bool ManagementServer                         = true                                      {product} {command line}
   size_t MarkStackSize                            = 4194304                                   {product} {ergonomic}
   size_t MaxHeapSize                              = 1977614336                                {product} {ergonomic}
   size_t MinHeapDeltaBytes                        = 1048576                                   {product} {ergonomic}
   size_t MinHeapSize                              = 8388608                                   {product} {ergonomic}
    uintx NonProfiledCodeHeapSize                  = 0                                      {pd product} {ergonomic}
     bool ProfileInterpreter                       = false                                  {pd product} {command line}
    uintx ProfiledCodeHeapSize                     = 0                                      {pd product} {ergonomic}
   size_t SoftMaxHeapSize                          = 1977614336                             {manageable} {ergonomic}
     intx TieredStopAtLevel                        = 1                                         {product} {command line}
     bool UseCompressedClassPointers               = true                           {product lp64_product} {ergonomic}
     bool UseCompressedOops                        = true                           {product lp64_product} {ergonomic}
     bool UseG1GC                                  = true                                      {product} {ergonomic}
     bool UseLargePagesIndividualAllocation        = false                                  {pd product} {ergonomic}

Logging:
Log output configuration:
 #0: stdout all=warning uptime,level,tags
 #1: stderr all=off uptime,level,tags

Environment Variables:
PATH=C:\Python310\Scripts\;C:\Python310\;C:\Program Files\Common Files\Oracle\Java\javapath;C:\Program Files (x86)\Common Files\Oracle\Java\javapath;C:\WINDOWS\system32;C:\WINDOWS;C:\WINDOWS\System32\Wbem;C:\WINDOWS\System32\WindowsPowerShell\v1.0\;C:\WINDOWS\System32\OpenSSH\;C:\ProgramData\ComposerSetup\bin;C:\ProgramData\chocolatey\bin;C:\Program Files (x86)\Bitvise SSH Client;C:\php;C:\Program Files\Java\jdk-17\bin;C:\Program Files\Docker\Docker\resources\bin;C:\Program Files\nodejs\;C:\xampp\php;C:\Program Files\apache-maven-3.9.6\bin;C:\Program Files\Git\cmd;C:\Users\User\AppData\Local\Microsoft\WindowsApps;C:\Users\User\AppData\Roaming\Composer\vendor\bin;C:\src\flutter\bin;F:\New folder\Developer\Microsoft VS Code\bin;C:\Program Files\JetBrains\IntelliJ IDEA Community Edition 2023.3.3\bin;C:\Program Files\JetBrains\IntelliJ IDEA 2023.3.3\bin;C:\Users\User\AppData\Local\JetBrains\Toolbox\scripts;C:\Program Files\JetBrains\IntelliJ IDEA Community Edition 2023.3.4\bin;;C:\Program Files\JetBrains\IntelliJ IDEA 2023.3.3\bin;;C:\Users\User\AppData\Roaming\npm;C:\Users\User\AppData\Local\GitHubDesktop\bin
USERNAME=User
OS=Windows_NT
PROCESSOR_IDENTIFIER=AMD64 Family 23 Model 104 Stepping 1, AuthenticAMD



---------------  S Y S T E M  ---------------

OS:
 Windows 11 , 64 bit Build 22621 (10.0.22621.3672)
OS uptime: 0 days 1:48 hours
Hyper-V role detected

CPU: total 12 (initial active 12) (12 cores per cpu, 2 threads per core) family 23 model 104 stepping 1 microcode 0x0, cx8, cmov, fxsr, ht, mmx, 3dnowpref, sse, sse2, sse3, ssse3, sse4a, sse4.1, sse4.2, popcnt, lzcnt, tsc, tscinvbit, avx, avx2, aes, clmul, bmi1, bmi2, adx, sha, fma, vzeroupper, clflush, clflushopt, hv

Memory: 4k page, system-wide physical 7541M (239M free)
TotalPageFile size 13685M (AvailPageFile size 5M)
current process WorkingSet (physical memory assigned to process): 11M, peak: 11M
current process commit charge ("private bytes"): 54M, peak: 55M

vm_info: Java HotSpot(TM) 64-Bit Server VM (17.0.10+11-LTS-240) for windows-amd64 JRE (17.0.10+11-LTS-240), built on Dec 19 2023 21:47:25 by "mach5one" with MS VC++ 17.1 (VS2022)

END.
