2025-10-18T16:37:14.979+07:00  INFO 17256 --- [CMS] [main] C.CMS.CmsApplication                     : Starting CmsApplication using Java 17.0.10 with PID 17256 (C:\Users\User\cms\ChurchManagementSystem\CMS\target\classes started by User in C:\Users\User\cms\ChurchManagementSystem)
2025-10-18T16:37:14.994+07:00  INFO 17256 --- [CMS] [main] C.CMS.CmsApplication                     : The following 1 profile is active: "local"
2025-10-18T16:37:17.067+07:00  INFO 17256 --- [CMS] [main] .s.d.r.c.RepositoryConfigurationDelegate : Bootstrapping Spring Data JPA repositories in DEFAULT mode.
2025-10-18T16:37:17.270+07:00  INFO 17256 --- [CMS] [main] .s.d.r.c.RepositoryConfigurationDelegate : Finished Spring Data repository scanning in 178 ms. Found 8 JPA repository interfaces.
2025-10-18T16:37:18.419+07:00  INFO 17256 --- [CMS] [main] o.s.b.w.embedded.tomcat.TomcatWebServer  : Tomcat initialized with port 8080 (http)
2025-10-18T16:37:18.444+07:00  INFO 17256 --- [CMS] [main] o.apache.catalina.core.StandardService   : Starting service [Tomcat]
2025-10-18T16:37:18.444+07:00  INFO 17256 --- [CMS] [main] o.apache.catalina.core.StandardEngine    : Starting Servlet engine: [Apache Tomcat/10.1.25]
2025-10-18T16:37:18.597+07:00  INFO 17256 --- [CMS] [main] o.a.c.c.C.[Tomcat].[localhost].[/]       : Initializing Spring embedded WebApplicationContext
2025-10-18T16:37:18.599+07:00  INFO 17256 --- [CMS] [main] w.s.c.ServletWebServerApplicationContext : Root WebApplicationContext: initialization completed in 3470 ms
2025-10-18T16:37:18.960+07:00  INFO 17256 --- [CMS] [main] o.hibernate.jpa.internal.util.LogHelper  : HHH000204: Processing PersistenceUnitInfo [name: default]
2025-10-18T16:37:19.254+07:00  INFO 17256 --- [CMS] [main] org.hibernate.Version                    : HHH000412: Hibernate ORM core version 6.5.2.Final
2025-10-18T16:37:19.362+07:00  INFO 17256 --- [CMS] [main] o.h.c.internal.RegionFactoryInitiator    : HHH000026: Second-level cache disabled
2025-10-18T16:37:19.630+07:00  INFO 17256 --- [CMS] [main] com.zaxxer.hikari.HikariDataSource       : HikariPool-1 - Starting...
2025-10-18T16:37:19.823+07:00  INFO 17256 --- [CMS] [main] com.zaxxer.hikari.pool.HikariPool        : HikariPool-1 - Added connection org.postgresql.jdbc.PgConnection@69a373fd
2025-10-18T16:37:19.824+07:00  INFO 17256 --- [CMS] [main] com.zaxxer.hikari.HikariDataSource       : HikariPool-1 - Start completed.
2025-10-18T16:37:19.931+07:00  WARN 17256 --- [CMS] [main] org.hibernate.orm.deprecation            : HHH90000025: PostgreSQLDialect does not need to be specified explicitly using 'hibernate.dialect' (remove the property setting and it will be selected by default)
2025-10-18T16:37:20.549+07:00  INFO 17256 --- [CMS] [main] o.s.o.j.p.SpringPersistenceUnitInfo      : No LoadTimeWeaver setup: ignoring JPA class transformer
2025-10-18T16:37:22.187+07:00  INFO 17256 --- [CMS] [main] o.h.e.t.j.p.i.JtaPlatformInitiator       : HHH000489: No JTA platform available (set 'hibernate.transaction.jta.platform' to enable JTA platform integration)
2025-10-18T16:37:22.225+07:00  WARN 17256 --- [CMS] [main] o.h.engine.jdbc.spi.SqlExceptionHelper   : SQL Warning Code: 0, SQLState: 00000
2025-10-18T16:37:22.225+07:00  WARN 17256 --- [CMS] [main] o.h.engine.jdbc.spi.SqlExceptionHelper   : table "master_activity" does not exist, skipping
2025-10-18T16:37:22.225+07:00  WARN 17256 --- [CMS] [main] o.h.engine.jdbc.spi.SqlExceptionHelper   : SQL Warning Code: 0, SQLState: 00000
2025-10-18T16:37:22.231+07:00  WARN 17256 --- [CMS] [main] o.h.engine.jdbc.spi.SqlExceptionHelper   : table "master_asset" does not exist, skipping
2025-10-18T16:37:22.231+07:00  WARN 17256 --- [CMS] [main] o.h.engine.jdbc.spi.SqlExceptionHelper   : SQL Warning Code: 0, SQLState: 00000
2025-10-18T16:37:22.231+07:00  WARN 17256 --- [CMS] [main] o.h.engine.jdbc.spi.SqlExceptionHelper   : table "master_board" does not exist, skipping
2025-10-18T16:37:22.233+07:00  WARN 17256 --- [CMS] [main] o.h.engine.jdbc.spi.SqlExceptionHelper   : SQL Warning Code: 0, SQLState: 00000
2025-10-18T16:37:22.233+07:00  WARN 17256 --- [CMS] [main] o.h.engine.jdbc.spi.SqlExceptionHelper   : table "master_congregation" does not exist, skipping
2025-10-18T16:37:22.233+07:00  WARN 17256 --- [CMS] [main] o.h.engine.jdbc.spi.SqlExceptionHelper   : SQL Warning Code: 0, SQLState: 00000
2025-10-18T16:37:22.233+07:00  WARN 17256 --- [CMS] [main] o.h.engine.jdbc.spi.SqlExceptionHelper   : table "master_news" does not exist, skipping
2025-10-18T16:37:22.233+07:00  WARN 17256 --- [CMS] [main] o.h.engine.jdbc.spi.SqlExceptionHelper   : SQL Warning Code: 0, SQLState: 00000
2025-10-18T16:37:22.233+07:00  WARN 17256 --- [CMS] [main] o.h.engine.jdbc.spi.SqlExceptionHelper   : table "tb_income" does not exist, skipping
2025-10-18T16:37:22.233+07:00  WARN 17256 --- [CMS] [main] o.h.engine.jdbc.spi.SqlExceptionHelper   : SQL Warning Code: 0, SQLState: 00000
2025-10-18T16:37:22.233+07:00  WARN 17256 --- [CMS] [main] o.h.engine.jdbc.spi.SqlExceptionHelper   : table "tb_outcome" does not exist, skipping
2025-10-18T16:37:22.233+07:00  WARN 17256 --- [CMS] [main] o.h.engine.jdbc.spi.SqlExceptionHelper   : SQL Warning Code: 0, SQLState: 00000
2025-10-18T16:37:22.238+07:00  WARN 17256 --- [CMS] [main] o.h.engine.jdbc.spi.SqlExceptionHelper   : table "user_entity" does not exist, skipping
2025-10-18T16:37:22.427+07:00  INFO 17256 --- [CMS] [main] j.LocalContainerEntityManagerFactoryBean : Initialized JPA EntityManagerFactory for persistence unit 'default'
2025-10-18T16:37:23.137+07:00  INFO 17256 --- [CMS] [main] o.s.d.j.r.query.QueryEnhancerFactory     : Hibernate is in classpath; If applicable, HQL parser will be used.
2025-10-18T16:37:24.856+07:00  WARN 17256 --- [CMS] [main] JpaBaseConfiguration$JpaWebConfiguration : spring.jpa.open-in-view is enabled by default. Therefore, database queries may be performed during view rendering. Explicitly configure spring.jpa.open-in-view to disable this warning
2025-10-18T16:37:25.701+07:00  INFO 17256 --- [CMS] [main] o.s.b.w.embedded.tomcat.TomcatWebServer  : Tomcat started on port 8080 (http) with context path '/'
2025-10-18T16:37:25.717+07:00  INFO 17256 --- [CMS] [main] C.CMS.CmsApplication                     : Started CmsApplication in 11.906 seconds (process running for 12.957)
2025-10-18T16:38:17.293+07:00  INFO 17256 --- [CMS] [SpringApplicationShutdownHook] j.LocalContainerEntityManagerFactoryBean : Closing JPA EntityManagerFactory for persistence unit 'default'
2025-10-18T16:38:17.384+07:00  INFO 17256 --- [CMS] [SpringApplicationShutdownHook] com.zaxxer.hikari.HikariDataSource       : HikariPool-1 - Shutdown initiated...
2025-10-18T16:38:17.395+07:00  INFO 17256 --- [CMS] [SpringApplicationShutdownHook] com.zaxxer.hikari.HikariDataSource       : HikariPool-1 - Shutdown completed.
